<?xml version="1.0" encoding="UTF-8"?>
<testsuite xmlns:xsi="http://www.w3.org/2001/XMLSchema-instance" xsi:noNamespaceSchemaLocation="https://maven.apache.org/surefire/maven-surefire-plugin/xsd/surefire-test-report-3.0.xsd" version="3.0" name="com.zhimou.zhimou_service.ZhimouServiceApplicationTests" time="2.131" tests="1" errors="0" skipped="0" failures="0">
  <properties>
[...]
</properties>
  <testcase name="contextLoads" classname="com.zhimou.zhimou_service.ZhimouServiceApplicationTests" time="0.538">
    <system-out><![CDATA[21:35:33.171 [main] INFO org.springframework.test.context.support.AnnotationConfigContextLoaderUtils -- Could not detect default configuration classes for test class [com.zhimou.zhimou_service.ZhimouServiceApplicationTests]: ZhimouServiceApplicationTests does not declare any static, non-private, non-final, nested classes annotated with @Configuration.
21:35:33.240 [main] INFO org.springframework.boot.test.context.SpringBootTestContextBootstrapper -- Found @SpringBootConfiguration com.zhimou.zhimou_service.ZhimouServiceApplication for test class com.zhimou.zhimou_service.ZhimouServiceApplicationTests

  .   ____          _            __ _ _
 /\\ / ___'_ __ _ _(_)_ __  __ _ \ \ \ \
( ( )\___ | '_ | '_| | '_ \/ _` | \ \ \ \
 \\/  ___)| |_)| | | | | || (_| |  ) ) ) )
  '  |____| .__|_| |_|_| |_\__, | / / / /
 =========|_|==============|___/=/_/_/_/

 :: Spring Boot ::                (v3.3.1)

2024-07-10T21:35:33.604+08:00  INFO 45032 --- [zhimou_service] [           main] c.z.z.ZhimouServiceApplicationTests      : Starting ZhimouServiceApplicationTests using Java 22.0.1 with PID 45032 (started by 17204 in E:\develop\github\zhimou_band\zhimou_service)
2024-07-10T21:35:33.604+08:00  INFO 45032 --- [zhimou_service] [           main] c.z.z.ZhimouServiceApplicationTests      : No active profile set, falling back to 1 default profile: "default"
2024-07-10T21:35:34.634+08:00  INFO 45032 --- [zhimou_service] [           main] c.z.z.ZhimouServiceApplicationTests      : Started ZhimouServiceApplicationTests in 1.287 seconds (process running for 1.95)
]]></system-out>
    <system-err><![CDATA[WARNING: A Java agent has been loaded dynamically (E:\develop\JAVA_preference\apache-maven-3.6.1\mvm_repos\net\bytebuddy\byte-buddy-agent\1.14.17\byte-buddy-agent-1.14.17.jar)
WARNING: If a serviceability tool is in use, please run with -XX:+EnableDynamicAgentLoading to hide this warning
WARNING: If a serviceability tool is not in use, please run with -Djdk.instrument.traceUsage for more information
WARNING: Dynamic loading of agents will be disallowed by default in a future release
]]></system-err>
  </testcase>
</testsuite>